<?xml version="1.0" encoding="UTF-8"?>
<!-- Generated by org.testng.reporters.JUnitXMLReporter -->
<testsuite hostname="Work-ПК" name="sdgf" tests="3" failures="0" timestamp="18 Sep 2016 20:41:56 GMT" time="0.063" errors="0">
  <testcase name="checkName" time="0.02" classname="MyApplication.NewTest"/>
  <testcase name="checkSurname" time="0.002" classname="MyApplication.NewTest"/>
  <testcase name="checkNameSurname" time="0.002" classname="MyApplication.NewTest"/>
</testsuite> <!-- sdgf -->
