<?xml version="1.0" encoding="UTF-8"?>
<!-- Generated by org.testng.reporters.JUnitXMLReporter -->
<testsuite hostname="Work-ПК" name="Default test" tests="9" failures="0" timestamp="22 Sep 2016 02:34:04 GMT" time="0.2" errors="0">
  <testcase name="checkExperience" time="0.013" classname="MyApplication.NewTest"/>
  <testcase name="checkName" time="0.001" classname="MyApplication.NewTest"/>
  <testcase name="checkPosition" time="0.002" classname="MyApplication.NewTest"/>
  <testcase name="checkSalary" time="0.002" classname="MyApplication.NewTest"/>
  <testcase name="checkSurname" time="0.001" classname="MyApplication.NewTest"/>
  <testcase name="getSex" time="0.0" classname="MyApplication.NewTest">
    <skipped/>
  </testcase> <!-- getSex -->
  <testcase name="checkNameSurname" time="0.002" classname="MyApplication.NewTest"/>
  <testcase name="getWorkingMonth" time="0.001" classname="MyApplication.NewTest"/>
  <testcase name="getWorkingYear" time="0.002" classname="MyApplication.NewTest"/>
</testsuite> <!-- Default test -->
